  AABB.cpp
  Bubble.cpp
  Entity.cpp
  Game.cpp
  Globals.cpp
  main.cpp
  Object.cpp
  Player.cpp
  RenderComponent.cpp
  ResourceManager.cpp
C:\Users\davig\Desktop\BubbleBobble\src\Player.cpp(141,10): warning C4244: '=': conversión de 'double' a 'int'; posible pérdida de datos
C:\Users\davig\Desktop\BubbleBobble\src\Player.cpp(202,13): warning C4244: '+=': conversión de 'double' a 'int'; posible pérdida de datos
C:\Users\davig\Desktop\BubbleBobble\src\Player.cpp(218,12): warning C4244: '+=': conversión de 'double' a 'int'; posible pérdida de datos
C:\Users\davig\Desktop\BubbleBobble\src\Player.cpp(247,12): warning C4244: '+=': conversión de 'double' a 'int'; posible pérdida de datos
C:\Users\davig\Desktop\BubbleBobble\src\Player.cpp(298,12): warning C4244: '=': conversión de 'double' a 'int'; posible pérdida de datos
  Scene.cpp
C:\Users\davig\Desktop\BubbleBobble\src\Scene.cpp(84,10): warning C4101: 'obj': variable local sin referencia
  Sprite.cpp
  StaticImage.cpp
  TileMap.cpp
  Generando código...
  LINK : no se encontró C:\Users\davig\Desktop\BubbleBobble\x64\Debug\BubbleBobble.exe o no lo generó el último vínculo incremental; ejecutando vínculo completo
LINK : warning LNK4098: la biblioteca predeterminada'MSVCRT' entra en conflicto con otras bibliotecas; use la biblioteca /NODEFAULTLIB:biblioteca
  BubbleBobble.vcxproj -> C:\Users\davig\Desktop\BubbleBobble\x64\Debug\BubbleBobble.exe
